<?xml version="1.0" encoding="UTF-8"?>
<!-- Generated by org.testng.reporters.JUnitXMLReporter -->
<testsuite ignored="0" hostname="LAPTOP-HH7IGSDH" failures="1" tests="1" name="TestO" time="388.385" errors="0" timestamp="14 Feb 2022 06:51:05 GMT">
  <testcase classname="com.RecipeScrapingHackathon.testCases.TC15_ScrapingAlphabetO" name="ScrapingPageTestO" time="386.964">
    <failure type="org.apache.poi.openxml4j.exceptions.OpenXML4JRuntimeException" message="Fail to save: an error occurs while saving the package : The part /xl/sharedStrings.xml failed to be saved in the stream with marshaller org.apache.poi.openxml4j.opc.internal.marshallers.DefaultMarshaller@70a6fb94">
      <![CDATA[org.apache.poi.openxml4j.exceptions.OpenXML4JRuntimeException: Fail to save: an error occurs while saving the package : The part /xl/sharedStrings.xml failed to be saved in the stream with marshaller org.apache.poi.openxml4j.opc.internal.marshallers.DefaultMarshaller@70a6fb94
at org.apache.poi.openxml4j.opc.ZipPackage.saveImpl(ZipPackage.java:595)
at org.apache.poi.openxml4j.opc.OPCPackage.save(OPCPackage.java:1539)
at org.apache.poi.POIXMLDocument.write(POIXMLDocument.java:227)
at com.RecipeScrapingHackathon.utilities.XLUtils.setCellData(XLUtils.java:139)
at com.RecipeScrapingHackathon.pageObjects.ScrapingPageAlphabetO.recipeScraping(ScrapingPageAlphabetO.java:175)
at com.RecipeScrapingHackathon.testCases.TC15_ScrapingAlphabetO.ScrapingPageTestO(TC15_ScrapingAlphabetO.java:48)
at java.base/java.util.concurrent.FutureTask.run(FutureTask.java:264)
at java.base/java.util.concurrent.ThreadPoolExecutor.runWorker(ThreadPoolExecutor.java:1136)
at java.base/java.util.concurrent.ThreadPoolExecutor$Worker.run(ThreadPoolExecutor.java:635)
at java.base/java.lang.Thread.run(Thread.java:833)
Caused by: org.apache.poi.openxml4j.exceptions.OpenXML4JException: The part /xl/sharedStrings.xml failed to be saved in the stream with marshaller org.apache.poi.openxml4j.opc.internal.marshallers.DefaultMarshaller@70a6fb94
at org.apache.poi.openxml4j.opc.ZipPackage.saveImpl(ZipPackage.java:586)
... 25 more
... Removed 16 stack frames]]>
    </failure>
  </testcase> <!-- ScrapingPageTestO -->
</testsuite> <!-- TestO -->
