<?xml version="1.0" encoding="UTF-8"?>
<!-- Generated by org.testng.reporters.JUnitXMLReporter -->
<testsuite ignored="0" hostname="LAPTOP-HH7IGSDH" failures="1" tests="1" name="TestV" time="20.848" errors="0" timestamp="14 Feb 2022 06:51:59 GMT">
  <testcase classname="com.RecipeScrapingHackathon.testCases.TC22_ScrapingAlphabetV" name="ScrapingPageTestV" time="18.853">
    <failure type="org.apache.poi.POIXMLException" message="java.lang.reflect.InvocationTargetException">
      <![CDATA[org.apache.poi.POIXMLException: java.lang.reflect.InvocationTargetException
at org.apache.poi.POIXMLFactory.createDocumentPart(POIXMLFactory.java:63)
at org.apache.poi.POIXMLDocumentPart.read(POIXMLDocumentPart.java:580)
at org.apache.poi.POIXMLDocument.load(POIXMLDocument.java:165)
at org.apache.poi.xssf.usermodel.XSSFWorkbook.<init>(XSSFWorkbook.java:300)
at com.RecipeScrapingHackathon.utilities.XLUtils.setCellData(XLUtils.java:102)
at com.RecipeScrapingHackathon.pageObjects.ScrapingPageAlphabetV.setupExcelHeader(ScrapingPageAlphabetV.java:310)
at com.RecipeScrapingHackathon.testCases.TC22_ScrapingAlphabetV.ScrapingPageTestV(TC22_ScrapingAlphabetV.java:45)
at java.base/java.util.concurrent.FutureTask.run(FutureTask.java:264)
at java.base/java.util.concurrent.ThreadPoolExecutor.runWorker(ThreadPoolExecutor.java:1136)
at java.base/java.util.concurrent.ThreadPoolExecutor$Worker.run(ThreadPoolExecutor.java:635)
at java.base/java.lang.Thread.run(Thread.java:833)
at org.apache.poi.xssf.usermodel.XSSFFactory.createDocumentPart(XSSFFactory.java:56)
at org.apache.poi.POIXMLFactory.createDocumentPart(POIXMLFactory.java:60)
... 26 more
Caused by: java.io.IOException: Unable to parse xml bean
at org.apache.poi.POIXMLTypeLoader.parse(POIXMLTypeLoader.java:166)
at org.openxmlformats.schemas.spreadsheetml.x2006.main.StyleSheetDocument$Factory.parse(Unknown Source)
at org.apache.poi.xssf.model.StylesTable.readFrom(StylesTable.java:192)
at org.apache.poi.xssf.model.StylesTable.<init>(StylesTable.java:141)
... 32 more
Caused by: org.xml.sax.SAXParseException; Premature end of file.
at org.apache.xerces.util.ErrorHandlerWrapper.createSAXParseException(Unknown Source)
at org.apache.xerces.util.ErrorHandlerWrapper.fatalError(Unknown Source)
at org.apache.xerces.impl.XMLErrorReporter.reportError(Unknown Source)
at org.apache.xerces.impl.XMLErrorReporter.reportError(Unknown Source)
at org.apache.xerces.impl.XMLErrorReporter.reportError(Unknown Source)
at org.apache.xerces.impl.XMLVersionDetector.determineDocVersion(Unknown Source)
at org.apache.xerces.parsers.XML11Configuration.parse(Unknown Source)
at org.apache.xerces.parsers.XML11Configuration.parse(Unknown Source)
at org.apache.xerces.parsers.XMLParser.parse(Unknown Source)
at org.apache.xerces.parsers.DOMParser.parse(Unknown Source)
at org.apache.xerces.jaxp.DocumentBuilderImpl.parse(Unknown Source)
at java.xml/javax.xml.parsers.DocumentBuilder.parse(DocumentBuilder.java:122)
at org.apache.poi.util.DocumentHelper.readDocument(DocumentHelper.java:140)
at org.apache.poi.POIXMLTypeLoader.parse(POIXMLTypeLoader.java:163)
... 35 more
... Removed 21 stack frames]]>
    </failure>
  </testcase> <!-- ScrapingPageTestV -->
</testsuite> <!-- TestV -->
