<?xml version="1.0" encoding="UTF-8"?>
<!-- Generated by org.testng.reporters.JUnitXMLReporter -->
<testsuite ignored="0" hostname="LAPTOP-HH7IGSDH" failures="1" tests="1" name="TestB" time="15.09" errors="0" timestamp="14 Feb 2022 06:51:38 GMT">
  <testcase classname="com.RecipeScrapingHackathon.testCases.TC2_ScrapingAlphabetB" name="ScrapingPageTestB" time="13.772">
    <failure type="org.apache.poi.EmptyFileException" message="The supplied file was empty (zero bytes long)">
      <![CDATA[org.apache.poi.EmptyFileException: The supplied file was empty (zero bytes long)
at org.apache.poi.util.IOUtils.peekFirstNBytes(IOUtils.java:74)
at org.apache.poi.util.IOUtils.peekFirst8Bytes(IOUtils.java:57)
at org.apache.poi.poifs.filesystem.FileMagic.valueOf(FileMagic.java:135)
at org.apache.poi.openxml4j.opc.internal.ZipHelper.verifyZipHeader(ZipHelper.java:175)
at org.apache.poi.openxml4j.opc.internal.ZipHelper.openZipStream(ZipHelper.java:209)
at org.apache.poi.openxml4j.opc.ZipPackage.<init>(ZipPackage.java:98)
at org.apache.poi.openxml4j.opc.OPCPackage.open(OPCPackage.java:324)
at org.apache.poi.util.PackageHelper.open(PackageHelper.java:37)
at org.apache.poi.xssf.usermodel.XSSFWorkbook.<init>(XSSFWorkbook.java:295)
at com.RecipeScrapingHackathon.utilities.XLUtils.setCellData(XLUtils.java:102)
at com.RecipeScrapingHackathon.pageObjects.ScrapingPageAlphabetB.setupExcelHeader(ScrapingPageAlphabetB.java:309)
at com.RecipeScrapingHackathon.testCases.TC2_ScrapingAlphabetB.ScrapingPageTestB(TC2_ScrapingAlphabetB.java:44)
at java.base/java.util.concurrent.FutureTask.run(FutureTask.java:264)
at java.base/java.util.concurrent.ThreadPoolExecutor.runWorker(ThreadPoolExecutor.java:1136)
at java.base/java.util.concurrent.ThreadPoolExecutor$Worker.run(ThreadPoolExecutor.java:635)
at java.base/java.lang.Thread.run(Thread.java:833)
... Removed 16 stack frames]]>
    </failure>
  </testcase> <!-- ScrapingPageTestB -->
</testsuite> <!-- TestB -->
