<?xml version="1.0" encoding="UTF-8"?>
<!-- Generated by org.testng.reporters.JUnitXMLReporter -->
<testsuite ignored="0" hostname="LAPTOP-HH7IGSDH" failures="0" tests="1" name="Test1" time="0.376" errors="0" timestamp="15 Feb 2022 14:00:12 GMT">
  <testcase classname="com.RecipeScrapingHackathon.testCases.BaseClass" name="@BeforeClass setup" time="0.0">
    <failure type="org.testng.TestNGException" message="
Can inject only one of &amp;lt;ITestContext, XmlTest&amp;gt; into a @BeforeClass annotated setup.
For more information on native dependency injection please refer to http://testng.org/doc/documentation-main.html#native-dependency-injection">
      <![CDATA[org.testng.TestNGException: 
Can inject only one of <ITestContext, XmlTest> into a @BeforeClass annotated setup.
For more information on native dependency injection please refer to http://testng.org/doc/documentation-main.html#native-dependency-injection
... Removed 23 stack frames]]>
    </failure>
  </testcase> <!-- @BeforeClass setup -->
  <testcase classname="com.RecipeScrapingHackathon.testCases.BaseClass" name="@AfterClass tearDown" time="0.0">
    <skipped/>
  </testcase> <!-- @AfterClass tearDown -->
  <testcase classname="com.RecipeScrapingHackathon.testCases.TC_001ScrapingPage" name="ScrapingPageTest" time="0.0">
    <skipped/>
  </testcase> <!-- ScrapingPageTest -->
</testsuite> <!-- Test1 -->
