<?xml version="1.0" encoding="UTF-8"?>
<!-- Generated by org.testng.reporters.JUnitXMLReporter -->
<testsuite ignored="0" hostname="LAPTOP-HH7IGSDH" failures="1" tests="1" name="TestH" time="43.976" errors="0" timestamp="14 Feb 2022 06:53:51 GMT">
  <testcase classname="com.RecipeScrapingHackathon.testCases.TC8_ScrapingAlphabetH" name="ScrapingPageTestH" time="36.028">
    <failure type="org.apache.poi.openxml4j.exceptions.NotOfficeXmlFileException" message="No valid entries or contents found, this is not a valid OOXML (Office Open XML) file">
      <![CDATA[org.apache.poi.openxml4j.exceptions.NotOfficeXmlFileException: No valid entries or contents found, this is not a valid OOXML (Office Open XML) file
at org.apache.poi.openxml4j.opc.ZipPackage.getPartsImpl(ZipPackage.java:286)
at org.apache.poi.openxml4j.opc.OPCPackage.getParts(OPCPackage.java:756)
at org.apache.poi.openxml4j.opc.OPCPackage.open(OPCPackage.java:327)
at org.apache.poi.util.PackageHelper.open(PackageHelper.java:37)
at org.apache.poi.xssf.usermodel.XSSFWorkbook.<init>(XSSFWorkbook.java:295)
at com.RecipeScrapingHackathon.utilities.XLUtils.setCellData(XLUtils.java:102)
at com.RecipeScrapingHackathon.pageObjects.ScrapingPageAlphabetH.recipeScraping(ScrapingPageAlphabetH.java:175)
at com.RecipeScrapingHackathon.testCases.TC8_ScrapingAlphabetH.ScrapingPageTestH(TC8_ScrapingAlphabetH.java:48)
at java.base/java.util.concurrent.FutureTask.run(FutureTask.java:264)
at java.base/java.util.concurrent.ThreadPoolExecutor.runWorker(ThreadPoolExecutor.java:1136)
at java.base/java.util.concurrent.ThreadPoolExecutor$Worker.run(ThreadPoolExecutor.java:635)
at java.base/java.lang.Thread.run(Thread.java:833)
... Removed 16 stack frames]]>
    </failure>
  </testcase> <!-- ScrapingPageTestH -->
</testsuite> <!-- TestH -->
