<?xml version="1.0" encoding="UTF-8"?>
<!-- Generated by org.testng.reporters.JUnitXMLReporter -->
<testsuite ignored="0" hostname="LAPTOP-HH7IGSDH" failures="1" tests="1" name="TestN" time="20.811" errors="0" timestamp="14 Feb 2022 06:44:57 GMT">
  <testcase classname="com.RecipeScrapingHackathon.testCases.TC14_ScrapingAlphabetN" name="ScrapingPageTestN" time="19.655">
    <failure type="org.apache.poi.POIXMLException" message="OOXML file structure broken/invalid - core document &amp;apos;/xl/workbook.xml&amp;apos; not found.">
      <![CDATA[org.apache.poi.POIXMLException: OOXML file structure broken/invalid - core document '/xl/workbook.xml' not found.
at org.apache.poi.POIXMLDocumentPart.getPartFromOPCPackage(POIXMLDocumentPart.java:661)
at org.apache.poi.POIXMLDocumentPart.<init>(POIXMLDocumentPart.java:128)
at org.apache.poi.POIXMLDocumentPart.<init>(POIXMLDocumentPart.java:118)
at org.apache.poi.POIXMLDocument.<init>(POIXMLDocument.java:61)
at org.apache.poi.xssf.usermodel.XSSFWorkbook.<init>(XSSFWorkbook.java:295)
at com.RecipeScrapingHackathon.utilities.XLUtils.setCellData(XLUtils.java:102)
at com.RecipeScrapingHackathon.pageObjects.ScrapingPageAlphabetN.setupExcelHeader(ScrapingPageAlphabetN.java:309)
at com.RecipeScrapingHackathon.testCases.TC14_ScrapingAlphabetN.ScrapingPageTestN(TC14_ScrapingAlphabetN.java:45)
at java.base/java.util.concurrent.FutureTask.run(FutureTask.java:264)
at java.base/java.util.concurrent.ThreadPoolExecutor.runWorker(ThreadPoolExecutor.java:1136)
at java.base/java.util.concurrent.ThreadPoolExecutor$Worker.run(ThreadPoolExecutor.java:635)
at java.base/java.lang.Thread.run(Thread.java:833)
... Removed 16 stack frames]]>
    </failure>
  </testcase> <!-- ScrapingPageTestN -->
</testsuite> <!-- TestN -->
