<?xml version="1.0" encoding="UTF-8"?>
<!-- Generated by org.testng.reporters.JUnitXMLReporter -->
<testsuite ignored="0" hostname="LAPTOP-HH7IGSDH" failures="1" tests="1" name="TestT" time="52.797" errors="0" timestamp="14 Feb 2022 06:52:25 GMT">
  <testcase classname="com.RecipeScrapingHackathon.testCases.TC20_ScrapingAlphabetT" name="ScrapingPageTestT" time="51.586">
    <failure type="java.io.IOException" message="Failed to read zip entry source">
      <![CDATA[java.io.IOException: Failed to read zip entry source
at org.apache.poi.openxml4j.opc.ZipPackage.<init>(ZipPackage.java:103)
at org.apache.poi.openxml4j.opc.OPCPackage.open(OPCPackage.java:324)
at org.apache.poi.util.PackageHelper.open(PackageHelper.java:37)
at org.apache.poi.xssf.usermodel.XSSFWorkbook.<init>(XSSFWorkbook.java:295)
at com.RecipeScrapingHackathon.utilities.XLUtils.setCellData(XLUtils.java:102)
at com.RecipeScrapingHackathon.pageObjects.ScrapingPageAlphabetT.recipeScraping(ScrapingPageAlphabetT.java:273)
at com.RecipeScrapingHackathon.testCases.TC20_ScrapingAlphabetT.ScrapingPageTestT(TC20_ScrapingAlphabetT.java:48)
at java.base/java.util.concurrent.FutureTask.run(FutureTask.java:264)
at java.base/java.util.concurrent.ThreadPoolExecutor.runWorker(ThreadPoolExecutor.java:1136)
at java.base/java.util.concurrent.ThreadPoolExecutor$Worker.run(ThreadPoolExecutor.java:635)
at java.base/java.lang.Thread.run(Thread.java:833)
Caused by: java.util.zip.ZipException: invalid stored block lengths
at java.base/java.util.zip.InflaterInputStream.read(InflaterInputStream.java:164)
at java.base/java.util.zip.ZipInputStream.read(ZipInputStream.java:196)
at org.apache.poi.openxml4j.util.ZipSecureFile$ThresholdInputStream.read(ZipSecureFile.java:220)
at java.base/java.io.FilterInputStream.read(FilterInputStream.java:106)
at org.apache.poi.openxml4j.util.ZipInputStreamZipEntrySource$FakeZipEntry.<init>(ZipInputStreamZipEntrySource.java:132)
at org.apache.poi.openxml4j.util.ZipInputStreamZipEntrySource.<init>(ZipInputStreamZipEntrySource.java:56)
at org.apache.poi.openxml4j.opc.ZipPackage.<init>(ZipPackage.java:100)
... 26 more
... Removed 16 stack frames]]>
    </failure>
  </testcase> <!-- ScrapingPageTestT -->
</testsuite> <!-- TestT -->
