<?xml version="1.0" encoding="UTF-8"?>
<!-- Generated by org.testng.reporters.JUnitXMLReporter -->
<testsuite ignored="0" hostname="LAPTOP-HH7IGSDH" failures="1" tests="1" name="TestA" time="1779.449" errors="0" timestamp="14 Feb 2022 04:23:18 GMT">
  <testcase classname="com.RecipeScrapingHackathon.testCases.TC1_ScrapingAlphabetA" name="ScrapingPageTestA" time="1775.769">
    <failure type="org.apache.poi.EmptyFileException" message="The supplied file was empty (zero bytes long)">
      <![CDATA[org.apache.poi.EmptyFileException: The supplied file was empty (zero bytes long)
at org.apache.poi.util.IOUtils.peekFirstNBytes(IOUtils.java:74)
at org.apache.poi.util.IOUtils.peekFirst8Bytes(IOUtils.java:57)
at org.apache.poi.poifs.filesystem.FileMagic.valueOf(FileMagic.java:135)
at org.apache.poi.openxml4j.opc.internal.ZipHelper.verifyZipHeader(ZipHelper.java:175)
at org.apache.poi.openxml4j.opc.internal.ZipHelper.openZipStream(ZipHelper.java:209)
at org.apache.poi.openxml4j.opc.ZipPackage.<init>(ZipPackage.java:98)
at org.apache.poi.openxml4j.opc.OPCPackage.open(OPCPackage.java:324)
at org.apache.poi.util.PackageHelper.open(PackageHelper.java:37)
at org.apache.poi.xssf.usermodel.XSSFWorkbook.<init>(XSSFWorkbook.java:295)
at com.RecipeScrapingHackathon.utilities.XLUtils.setCellData(XLUtils.java:102)
at com.RecipeScrapingHackathon.pageObjects.ScrapingPageAlphabetA.recipeScraping(ScrapingPageAlphabetA.java:177)
at com.RecipeScrapingHackathon.testCases.TC1_ScrapingAlphabetA.ScrapingPageTestA(TC1_ScrapingAlphabetA.java:45)
at java.base/java.util.concurrent.FutureTask.run(FutureTask.java:264)
at java.base/java.util.concurrent.ThreadPoolExecutor.runWorker(ThreadPoolExecutor.java:1136)
at java.base/java.util.concurrent.ThreadPoolExecutor$Worker.run(ThreadPoolExecutor.java:635)
at java.base/java.lang.Thread.run(Thread.java:833)
... Removed 16 stack frames]]>
    </failure>
  </testcase> <!-- ScrapingPageTestA -->
</testsuite> <!-- TestA -->
